<?xml version="1.0" encoding="UTF-8"?>
<!-- Generated by org.testng.reporters.JUnitXMLReporter -->
<testsuite hostname="DESKTOP-Artemij" failures="0" tests="6" name="Surefire test" time="0.09" errors="0" timestamp="18 May 2020 23:41:05 GMT">
  <testcase classname="pack.SimpleTests" name="FirstModule" time="0.03"/>
  <testcase classname="pack.SimpleTests" name="SecondModule1" time="0.002"/>
  <testcase classname="pack.SimpleTests" name="SecondModule2" time="0.005"/>
  <testcase classname="pack.SimpleTests" name="SecondModule3" time="0.002"/>
  <testcase classname="pack.SimpleTests" name="ThirdModule1" time="0.002"/>
  <testcase classname="pack.SimpleTests" name="ThirdModule2" time="0.003"/>
</testsuite> <!-- Surefire test -->
