<?xml version="1.0" encoding="UTF-8"?>
<testsuite xmlns:xsi="http://www.w3.org/2001/XMLSchema-instance" xsi:noNamespaceSchemaLocation="https://maven.apache.org/surefire/maven-surefire-plugin/xsd/surefire-test-report-3.0.xsd" version="3.0" name="pack.SimpleTests" time="2.092" tests="6" errors="0" skipped="0" failures="0">
  <properties>
[...]
</properties>
  <testcase name="FirstModule" classname="pack.SimpleTests" time="0.029"/>
  <testcase name="SecondModule1" classname="pack.SimpleTests" time="0.008"/>
  <testcase name="SecondModule2" classname="pack.SimpleTests" time="0.019"/>
  <testcase name="SecondModule3" classname="pack.SimpleTests" time="0.005"/>
  <testcase name="ThirdModule1" classname="pack.SimpleTests" time="0.004"/>
  <testcase name="ThirdModule2" classname="pack.SimpleTests" time="0.01"/>
</testsuite>