<?xml version="1.0" encoding="UTF-8"?>
<testng-results total="3" passed="3" failed="0" skipped="0">
  <reporter-output>
  </reporter-output>
  <suite started-at="2020-05-18T23:25:03Z" name="Surefire suite" finished-at="2020-05-18T23:25:03Z" duration-ms="90">
    <groups>
    </groups>
    <test started-at="2020-05-18T23:25:03Z" name="Surefire test" finished-at="2020-05-18T23:25:03Z" duration-ms="90">
      <class name="pack.SimpleTests">
        <test-method signature="FirstTest()[pri:0, instance:pack.SimpleTests@569cfc36]" started-at="2020-05-19T03:25:03Z" name="FirstTest" finished-at="2020-05-19T03:25:03Z" duration-ms="23" status="PASS">
          <reporter-output>
          </reporter-output>
        </test-method> <!-- FirstTest -->
        <test-method signature="SecondTest()[pri:0, instance:pack.SimpleTests@569cfc36]" started-at="2020-05-19T03:25:03Z" name="SecondTest" finished-at="2020-05-19T03:25:03Z" duration-ms="4" status="PASS">
          <reporter-output>
          </reporter-output>
        </test-method> <!-- SecondTest -->
        <test-method signature="ThirdTest()[pri:0, instance:pack.SimpleTests@569cfc36]" started-at="2020-05-19T03:25:03Z" name="ThirdTest" finished-at="2020-05-19T03:25:03Z" duration-ms="19" status="PASS">
          <reporter-output>
          </reporter-output>
        </test-method> <!-- ThirdTest -->
      </class> <!-- pack.SimpleTests -->
    </test> <!-- Surefire test -->
  </suite> <!-- Surefire suite -->
</testng-results>
